<?xml version="1.0" encoding="UTF-8"?>
<!-- Generated by org.testng.reporters.JUnitReportReporter -->
<testsuite hostname="APSPNQ01LTP74" name="testCases.LoginPage" tests="1" failures="0" timestamp="27 Apr 2018 11:33:59 GMT" time="32.493" errors="0">
  <testcase name="executeScript" time="32.493" classname="testCases.LoginPage"/>
</testsuite> <!-- testCases.LoginPage -->
